<?xml version="1.0" encoding="UTF-8"?>
<!-- Generated by org.testng.reporters.JUnitReportReporter -->
<testsuite hostname="Alnobl" failures="0" tests="3" name="magntoSoftwareTest.magntoTestTask" time="22.551" errors="0" timestamp="2024-03-13T02:31:57 AST" skipped="0">
  <testcase classname="magntoSoftwareTest.magntoTestTask" name="addOneRandomItem" time="9.338"/>
  <system-out/>
  <testcase classname="magntoSoftwareTest.magntoTestTask" name="checkOut" time="9.145"/>
  <system-out/>
  <testcase classname="magntoSoftwareTest.magntoTestTask" name="signupProcess" time="4.068"/>
  <system-out/>
</testsuite> <!-- magntoSoftwareTest.magntoTestTask -->
