<?xml version="1.0" encoding="UTF-8"?>
<!-- Generated by org.testng.reporters.JUnitReportReporter -->
<testsuite hostname="Alnobl" failures="0" tests="10" name="magntoSoftwareTest.magntoTestTask" time="39.771" errors="0" timestamp="2024-03-12T23:37:10 AST" skipped="0">
  <testcase classname="magntoSoftwareTest.magntoTestTask" name="addOneRandomItem" time="3.427"/>
  <system-out/>
  <testcase classname="magntoSoftwareTest.magntoTestTask" name="addOneRandomItem" time="3.718"/>
  <system-out/>
  <testcase classname="magntoSoftwareTest.magntoTestTask" name="addOneRandomItem" time="3.840"/>
  <system-out/>
  <testcase classname="magntoSoftwareTest.magntoTestTask" name="addOneRandomItem" time="3.546"/>
  <system-out/>
  <testcase classname="magntoSoftwareTest.magntoTestTask" name="addOneRandomItem" time="3.252"/>
  <system-out/>
  <testcase classname="magntoSoftwareTest.magntoTestTask" name="addOneRandomItem" time="3.484"/>
  <system-out/>
  <testcase classname="magntoSoftwareTest.magntoTestTask" name="addOneRandomItem" time="3.778"/>
  <system-out/>
  <testcase classname="magntoSoftwareTest.magntoTestTask" name="addOneRandomItem" time="7.404"/>
  <system-out/>
  <testcase classname="magntoSoftwareTest.magntoTestTask" name="addOneRandomItem" time="3.578"/>
  <system-out/>
  <testcase classname="magntoSoftwareTest.magntoTestTask" name="addOneRandomItem" time="3.744"/>
  <system-out/>
</testsuite> <!-- magntoSoftwareTest.magntoTestTask -->
