<?xml version="1.0" encoding="UTF-8"?>
<!-- Generated by org.testng.reporters.JUnitReportReporter -->
<testsuite hostname="Alnobl" failures="0" tests="3" name="magntoSoftwareTest.magntoTestTask" time="21.428" errors="0" timestamp="2024-03-13T23:15:32 AST" skipped="0">
  <testcase classname="magntoSoftwareTest.magntoTestTask" name="addOneRandomItem" time="8.976"/>
  <system-out/>
  <testcase classname="magntoSoftwareTest.magntoTestTask" name="checkOut" time="8.351"/>
  <system-out/>
  <testcase classname="magntoSoftwareTest.magntoTestTask" name="signupProcess" time="4.101"/>
  <system-out/>
</testsuite> <!-- magntoSoftwareTest.magntoTestTask -->
